This file contains any messages produced by compilers while
running configure, to aid debugging if configure makes a mistake.

It was created by my_program configure 0.1, which was
generated by GNU Autoconf 2.69.  Invocation command line was

  $ /Users/balazskreith.finago/github/vagrant-mptcp-tester/tests/ntrt/configure 

## --------- ##
## Platform. ##
## --------- ##

hostname = Balazss-MacBook-Pro.local
uname -m = x86_64
uname -r = 18.7.0
uname -s = Darwin
uname -v = Darwin Kernel Version 18.7.0: Thu Jan 23 06:52:12 PST 2020; root:xnu-4903.278.25~1/RELEASE_X86_64

/usr/bin/uname -p = i386
/bin/uname -X     = unknown

/bin/arch              = unknown
/usr/bin/arch -k       = unknown
/usr/convex/getsysinfo = unknown
/usr/bin/hostinfo      = Mach kernel version:
	 Darwin Kernel Version 18.7.0: Thu Jan 23 06:52:12 PST 2020; root:xnu-4903.278.25~1/RELEASE_X86_64
Kernel configured for up to 8 processors.
4 processors are physically available.
8 processors are logically available.
Processor type: x86_64h (Intel x86-64h Haswell)
Processors active: 0 1 2 3 4 5 6 7
Primary memory available: 16.00 gigabytes
Default processor set: 449 tasks, 2908 threads, 8 processors
Load average: 8.01, Mach factor: 1.07
/bin/machine           = unknown
/usr/bin/oslevel       = unknown
/bin/universe          = unknown

PATH: /usr/bin
PATH: /bin
PATH: /usr/sbin
PATH: /sbin


## ----------- ##
## Core tests. ##
## ----------- ##

configure:1842: checking for a BSD-compatible install
configure:1910: result: /usr/bin/install -c
configure:1921: checking whether build environment is sane
configure:1976: result: yes
configure:2127: checking for a thread-safe mkdir -p
configure:2166: result: ./install-sh -c -d
configure:2173: checking for gawk
configure:2203: result: no
configure:2173: checking for mawk
configure:2203: result: no
configure:2173: checking for nawk
configure:2203: result: no
configure:2173: checking for awk
configure:2189: found /usr/bin/awk
configure:2200: result: awk
configure:2211: checking whether make sets $(MAKE)
configure:2233: result: yes
configure:2262: checking whether make supports nested variables
configure:2279: result: yes
configure:2450: checking for ranlib
configure:2466: found /usr/bin/ranlib
configure:2477: result: ranlib
configure:2555: checking for gcc
configure:2571: found /usr/bin/gcc
configure:2582: result: gcc
configure:2811: checking for C compiler version
configure:2820: gcc --version >&5
Apple LLVM version 10.0.1 (clang-1001.0.46.4)
Target: x86_64-apple-darwin18.7.0
Thread model: posix
InstalledDir: /Library/Developer/CommandLineTools/usr/bin
Configured with: --prefix=/Library/Developer/CommandLineTools/usr --with-gxx-include-dir=/Library/Developer/CommandLineTools/SDKs/MacOSX10.14.sdk/usr/include/c++/4.2.1
configure:2831: $? = 0
configure:2820: gcc -v >&5
Configured with: --prefix=/Library/Developer/CommandLineTools/usr --with-gxx-include-dir=/Library/Developer/CommandLineTools/SDKs/MacOSX10.14.sdk/usr/include/c++/4.2.1
Apple LLVM version 10.0.1 (clang-1001.0.46.4)
Target: x86_64-apple-darwin18.7.0
Thread model: posix
InstalledDir: /Library/Developer/CommandLineTools/usr/bin
configure:2831: $? = 0
configure:2820: gcc -V >&5
clang: error: unsupported option '-V -Wno-atomic-implicit-seq-cst'
clang: error: no input files
configure:2831: $? = 1
configure:2820: gcc -qversion >&5
clang: error: unknown argument '-qversion', did you mean '--version'?
clang: error: no input files
configure:2831: $? = 1
configure:2851: checking whether the C compiler works
configure:2873: gcc    conftest.c  >&5
configure:2877: $? = 0
configure:2925: result: yes
configure:2928: checking for C compiler default output file name
configure:2930: result: a.out
configure:2936: checking for suffix of executables
configure:2943: gcc -o conftest    conftest.c  >&5
configure:2947: $? = 0
configure:2969: result: 
configure:2991: checking whether we are cross compiling
configure:2999: gcc -o conftest    conftest.c  >&5
configure:3003: $? = 0
configure:3010: ./conftest
configure:3014: $? = 0
configure:3029: result: no
configure:3034: checking for suffix of object files
configure:3056: gcc -c   conftest.c >&5
configure:3060: $? = 0
configure:3081: result: o
configure:3085: checking whether we are using the GNU C compiler
configure:3104: gcc -c   conftest.c >&5
configure:3104: $? = 0
configure:3113: result: yes
configure:3122: checking whether gcc accepts -g
configure:3142: gcc -c -g  conftest.c >&5
configure:3142: $? = 0
configure:3183: result: yes
configure:3200: checking for gcc option to accept ISO C89
configure:3263: gcc  -c -g -O2  conftest.c >&5
configure:3263: $? = 0
configure:3276: result: none needed
configure:3301: checking whether gcc understands -c and -o together
configure:3323: gcc -c conftest.c -o conftest2.o
configure:3326: $? = 0
configure:3323: gcc -c conftest.c -o conftest2.o
configure:3326: $? = 0
configure:3338: result: yes
configure:3366: checking for style of include used by make
configure:3394: result: GNU
configure:3420: checking dependency style of gcc
configure:3531: result: gcc3
configure:3700: checking that generated files are newer than configure
configure:3706: result: done
configure:3729: creating ./config.status

## ---------------------- ##
## Running config.status. ##
## ---------------------- ##

This file was extended by my_program config.status 0.1, which was
generated by GNU Autoconf 2.69.  Invocation command line was

  CONFIG_FILES    = 
  CONFIG_HEADERS  = 
  CONFIG_LINKS    = 
  CONFIG_COMMANDS = 
  $ ./config.status 

on Balazss-MacBook-Pro.local

config.status:775: creating Makefile
config.status:775: creating src/Makefile
config.status:947: executing depfiles commands

## ---------------- ##
## Cache variables. ##
## ---------------- ##

ac_cv_c_compiler_gnu=yes
ac_cv_env_CC_set=
ac_cv_env_CC_value=
ac_cv_env_CFLAGS_set=
ac_cv_env_CFLAGS_value=
ac_cv_env_CPPFLAGS_set=
ac_cv_env_CPPFLAGS_value=
ac_cv_env_LDFLAGS_set=
ac_cv_env_LDFLAGS_value=
ac_cv_env_LIBS_set=
ac_cv_env_LIBS_value=
ac_cv_env_build_alias_set=
ac_cv_env_build_alias_value=
ac_cv_env_host_alias_set=
ac_cv_env_host_alias_value=
ac_cv_env_target_alias_set=
ac_cv_env_target_alias_value=
ac_cv_objext=o
ac_cv_path_install='/usr/bin/install -c'
ac_cv_prog_AWK=awk
ac_cv_prog_ac_ct_CC=gcc
ac_cv_prog_ac_ct_RANLIB=ranlib
ac_cv_prog_cc_c89=
ac_cv_prog_cc_g=yes
ac_cv_prog_make_make_set=yes
am_cv_CC_dependencies_compiler_type=gcc3
am_cv_make_support_nested_variables=yes
am_cv_prog_cc_c_o=yes

## ----------------- ##
## Output variables. ##
## ----------------- ##

ACLOCAL='${SHELL} /Users/balazskreith.finago/github/vagrant-mptcp-tester/tests/ntrt/missing aclocal-1.15'
AMDEPBACKSLASH='\'
AMDEP_FALSE='#'
AMDEP_TRUE=''
AMTAR='$${TAR-tar}'
AM_BACKSLASH='\'
AM_DEFAULT_V='$(AM_DEFAULT_VERBOSITY)'
AM_DEFAULT_VERBOSITY='1'
AM_V='$(V)'
AUTOCONF='${SHELL} /Users/balazskreith.finago/github/vagrant-mptcp-tester/tests/ntrt/missing autoconf'
AUTOHEADER='${SHELL} /Users/balazskreith.finago/github/vagrant-mptcp-tester/tests/ntrt/missing autoheader'
AUTOMAKE='${SHELL} /Users/balazskreith.finago/github/vagrant-mptcp-tester/tests/ntrt/missing automake-1.15'
AWK='awk'
CC='gcc'
CCDEPMODE='depmode=gcc3'
CFLAGS='-g -O2'
CPPFLAGS=''
CYGPATH_W='echo'
DEFS='-DPACKAGE_NAME=\"my_program\" -DPACKAGE_TARNAME=\"my_program\" -DPACKAGE_VERSION=\"0.1\" -DPACKAGE_STRING=\"my_program\ 0.1\" -DPACKAGE_BUGREPORT=\"\" -DPACKAGE_URL=\"\" -DPACKAGE=\"my_program\" -DVERSION=\"0.1\"'
DEPDIR='.deps'
ECHO_C='\c'
ECHO_N=''
ECHO_T=''
EXEEXT=''
INSTALL_DATA='${INSTALL} -m 644'
INSTALL_PROGRAM='${INSTALL}'
INSTALL_SCRIPT='${INSTALL}'
INSTALL_STRIP_PROGRAM='$(install_sh) -c -s'
LDFLAGS=''
LIBOBJS=''
LIBS=''
LTLIBOBJS=''
MAKEINFO='${SHELL} /Users/balazskreith.finago/github/vagrant-mptcp-tester/tests/ntrt/missing makeinfo'
MKDIR_P='./install-sh -c -d'
OBJEXT='o'
PACKAGE='my_program'
PACKAGE_BUGREPORT=''
PACKAGE_NAME='my_program'
PACKAGE_STRING='my_program 0.1'
PACKAGE_TARNAME='my_program'
PACKAGE_URL=''
PACKAGE_VERSION='0.1'
PATH_SEPARATOR=':'
RANLIB='ranlib'
SET_MAKE=''
SHELL='/bin/sh'
STRIP=''
VERSION='0.1'
ac_ct_CC='gcc'
am__EXEEXT_FALSE=''
am__EXEEXT_TRUE='#'
am__fastdepCC_FALSE='#'
am__fastdepCC_TRUE=''
am__include='include'
am__isrc=''
am__leading_dot='.'
am__nodep='_no'
am__quote=''
am__tar='$${TAR-tar} chof - "$$tardir"'
am__untar='$${TAR-tar} xf -'
bindir='${exec_prefix}/bin'
build_alias=''
datadir='${datarootdir}'
datarootdir='${prefix}/share'
docdir='${datarootdir}/doc/${PACKAGE_TARNAME}'
dvidir='${docdir}'
exec_prefix='${prefix}'
host_alias=''
htmldir='${docdir}'
includedir='${prefix}/include'
infodir='${datarootdir}/info'
install_sh='${SHELL} /Users/balazskreith.finago/github/vagrant-mptcp-tester/tests/ntrt/install-sh'
libdir='${exec_prefix}/lib'
libexecdir='${exec_prefix}/libexec'
localedir='${datarootdir}/locale'
localstatedir='${prefix}/var'
mandir='${datarootdir}/man'
mkdir_p='$(MKDIR_P)'
oldincludedir='/usr/include'
pdfdir='${docdir}'
prefix='/usr/local'
program_transform_name='s,x,x,'
psdir='${docdir}'
runstatedir='${localstatedir}/run'
sbindir='${exec_prefix}/sbin'
sharedstatedir='${prefix}/com'
sysconfdir='${prefix}/etc'
target_alias=''

## ----------- ##
## confdefs.h. ##
## ----------- ##

/* confdefs.h */
#define PACKAGE_NAME "my_program"
#define PACKAGE_TARNAME "my_program"
#define PACKAGE_VERSION "0.1"
#define PACKAGE_STRING "my_program 0.1"
#define PACKAGE_BUGREPORT ""
#define PACKAGE_URL ""
#define PACKAGE "my_program"
#define VERSION "0.1"

configure: exit 0
